<?xml version="1.0" encoding="UTF-8"?>
<testng-results skipped="0" failed="1" ignored="0" total="1" passed="0">
  <reporter-output>
  </reporter-output>
  <suite name="Suite" duration-ms="11468" started-at="2023-01-19T21:17:05 IST" finished-at="2023-01-19T21:17:16 IST">
    <groups>
    </groups>
    <test name="Test" duration-ms="11468" started-at="2023-01-19T21:17:05 IST" finished-at="2023-01-19T21:17:16 IST">
      <class name="scripts.p1">
        <test-method status="PASS" signature="setpath()[pri:0, instance:scripts.p1@64485a47]" name="setpath" is-config="true" duration-ms="0" started-at="2023-01-19T21:17:05 IST" finished-at="2023-01-19T21:17:05 IST">
          <reporter-output>
          </reporter-output>
        </test-method> <!-- setpath -->
        <test-method status="PASS" signature="launchBrowser(java.lang.String)[pri:0, instance:scripts.p1@64485a47]" name="launchBrowser" is-config="true" duration-ms="10023" started-at="2023-01-19T21:17:05 IST" finished-at="2023-01-19T21:17:15 IST">
          <params>
            <param index="0">
              <value>
                <![CDATA[chrome]]>
              </value>
            </param>
          </params>
          <reporter-output>
          </reporter-output>
        </test-method> <!-- launchBrowser -->
        <test-method status="FAIL" signature="sakshiHomePageCheckingSortedValues()[pri:0, instance:scripts.p1@64485a47]" name="sakshiHomePageCheckingSortedValues" duration-ms="1144" started-at="2023-01-19T21:17:15 IST" finished-at="2023-01-19T21:17:16 IST">
          <exception class="java.lang.AssertionError">
            <message>
              <![CDATA[Lists differ at element [0]: 1250.0 != -320.0 expected [1250.0] but found [-320.0]]]>
            </message>
            <full-stacktrace>
              <![CDATA[java.lang.AssertionError: Lists differ at element [0]: 1250.0 != -320.0 expected [1250.0] but found [-320.0]
at org.testng.Assert.fail(Assert.java:99)
at org.testng.Assert.failNotEquals(Assert.java:1037)
at org.testng.Assert.assertEqualsImpl(Assert.java:140)
at org.testng.Assert.assertEquals(Assert.java:1103)
at org.testng.Assert.assertEquals(Assert.java:1065)
at pages.sakshiHome_page.ValidatingTheValuesIsSortedOrNot(sakshiHome_page.java:59)
at scripts.p1.sakshiHomePageCheckingSortedValues(p1.java:25)
at sun.reflect.NativeMethodAccessorImpl.invoke0(Native Method)
at sun.reflect.NativeMethodAccessorImpl.invoke(Unknown Source)
at sun.reflect.DelegatingMethodAccessorImpl.invoke(Unknown Source)
at java.lang.reflect.Method.invoke(Unknown Source)
at org.testng.internal.MethodInvocationHelper.invokeMethod(MethodInvocationHelper.java:133)
at org.testng.internal.TestInvoker.invokeMethod(TestInvoker.java:598)
at org.testng.internal.TestInvoker.invokeTestMethod(TestInvoker.java:173)
at org.testng.internal.MethodRunner.runInSequence(MethodRunner.java:46)
at org.testng.internal.TestInvoker$MethodInvocationAgent.invoke(TestInvoker.java:824)
at org.testng.internal.TestInvoker.invokeTestMethods(TestInvoker.java:146)
at org.testng.internal.TestMethodWorker.invokeTestMethods(TestMethodWorker.java:146)
at org.testng.internal.TestMethodWorker.run(TestMethodWorker.java:128)
at java.util.ArrayList.forEach(Unknown Source)
at org.testng.TestRunner.privateRun(TestRunner.java:794)
at org.testng.TestRunner.run(TestRunner.java:596)
at org.testng.SuiteRunner.runTest(SuiteRunner.java:377)
at org.testng.SuiteRunner.runSequentially(SuiteRunner.java:371)
at org.testng.SuiteRunner.privateRun(SuiteRunner.java:332)
at org.testng.SuiteRunner.run(SuiteRunner.java:276)
at org.testng.SuiteRunnerWorker.runSuite(SuiteRunnerWorker.java:53)
at org.testng.SuiteRunnerWorker.run(SuiteRunnerWorker.java:96)
at org.testng.TestNG.runSuitesSequentially(TestNG.java:1212)
at org.testng.TestNG.runSuitesLocally(TestNG.java:1134)
at org.testng.TestNG.runSuites(TestNG.java:1063)
at org.testng.TestNG.run(TestNG.java:1031)
at org.testng.remote.AbstractRemoteTestNG.run(AbstractRemoteTestNG.java:115)
at org.testng.remote.RemoteTestNG.initAndRun(RemoteTestNG.java:251)
at org.testng.remote.RemoteTestNG.main(RemoteTestNG.java:77)
]]>
            </full-stacktrace>
          </exception> <!-- java.lang.AssertionError -->
          <reporter-output>
          </reporter-output>
        </test-method> <!-- sakshiHomePageCheckingSortedValues -->
        <test-method status="PASS" signature="closeBrowser()[pri:0, instance:scripts.p1@64485a47]" name="closeBrowser" is-config="true" duration-ms="238" started-at="2023-01-19T21:17:16 IST" finished-at="2023-01-19T21:17:16 IST">
          <reporter-output>
          </reporter-output>
        </test-method> <!-- closeBrowser -->
        <test-method status="PASS" signature="killDriver()[pri:0, instance:scripts.p1@64485a47]" name="killDriver" is-config="true" duration-ms="125" started-at="2023-01-19T21:17:16 IST" finished-at="2023-01-19T21:17:16 IST">
          <reporter-output>
          </reporter-output>
        </test-method> <!-- killDriver -->
      </class> <!-- scripts.p1 -->
    </test> <!-- Test -->
  </suite> <!-- Suite -->
</testng-results>
